<?xml version="1.0" encoding="UTF-8"?>
<!-- Generated by org.testng.reporters.JUnitXMLReporter -->
<testsuite hostname="DESKTOP-0J47P2G" ignored="0" name="HubSpot Feature Testing" tests="3" failures="0" timestamp="31 Jul 2020 03:40:38 GMT" time="38.75" errors="0">
  <testcase name="verifySignUpLinkTest" time="5.448" classname="com.qa.hubspot.tests.LoginPageTest"/>
  <testcase name="verifyLoginPageTitleTest" time="0.228" classname="com.qa.hubspot.tests.LoginPageTest"/>
  <testcase name="loginTest" time="2.043" classname="com.qa.hubspot.tests.LoginPageTest"/>
</testsuite> <!-- HubSpot Feature Testing -->
