<?xml version="1.0" encoding="UTF-8"?>
<!-- Generated by org.testng.reporters.JUnitXMLReporter -->
<testsuite hostname="DESKTOP-0J47P2G" ignored="1" name="HubSpot Feature Testing - contacts page - firefox" tests="2" failures="0" timestamp="31 Jul 2020 02:04:41 GMT" time="0.181" errors="0">
  <testcase name="@BeforeTest setUp" time="0.0" classname="com.qa.hubspot.base.BaseTest">
    <failure type="org.testng.TestNGException" message="
Can inject only one of &amp;lt;ITestContext, XmlTest&amp;gt; into a @BeforeTest annotated setUp.
For more information on native dependency injection please refer to http://testng.org/doc/documentation-main.html#native-dependency-injection">
      <![CDATA[org.testng.TestNGException: 
Can inject only one of <ITestContext, XmlTest> into a @BeforeTest annotated setUp.
For more information on native dependency injection please refer to http://testng.org/doc/documentation-main.html#native-dependency-injection
at java.util.concurrent.FutureTask.run(Unknown Source)
at java.util.concurrent.ThreadPoolExecutor.runWorker(Unknown Source)
at java.util.concurrent.ThreadPoolExecutor$Worker.run(Unknown Source)
at java.lang.Thread.run(Unknown Source)
... Removed 12 stack frames]]>
    </failure>
  </testcase> <!-- @BeforeTest setUp -->
  <testcase name="@BeforeClass contactsPageSetup" time="0.0" classname="com.qa.hubspot.tests.ContactsPageTest">
    <skipped/>
  </testcase> <!-- @BeforeClass contactsPageSetup -->
  <testcase name="@AfterTest tearDown" time="0.0" classname="com.qa.hubspot.base.BaseTest">
    <skipped/>
  </testcase> <!-- @AfterTest tearDown -->
  <testcase name="verifyContactsPageTitleTest" time="0.0" classname="com.qa.hubspot.tests.ContactsPageTest">
    <skipped/>
  </testcase> <!-- verifyContactsPageTitleTest -->
  <testcase name="verifyContactsPageHeader" time="0.0" classname="com.qa.hubspot.tests.ContactsPageTest">
    <skipped/>
  </testcase> <!-- verifyContactsPageHeader -->
  <testcase name="createNewContactTest" time="0.0" classname="com.qa.hubspot.tests.ContactsPageTest">
    <ignored/>
  </testcase> <!-- createNewContactTest -->
</testsuite> <!-- HubSpot Feature Testing - contacts page - firefox -->
