<?xml version="1.0" encoding="UTF-8"?>
<testng-results skipped="0" failed="0" ignored="0" total="3" passed="3">
  <reporter-output>
  </reporter-output>
  <suite name="Hub spot Test automtion regression suite" duration-ms="38750" started-at="2020-07-31T03:39:59Z" finished-at="2020-07-31T03:40:38Z">
    <groups>
    </groups>
    <test name="HubSpot Feature Testing" duration-ms="38750" started-at="2020-07-31T03:39:59Z" finished-at="2020-07-31T03:40:38Z">
      <class name="com.qa.hubspot.tests.LoginPageTest">
        <test-method status="PASS" signature="setUp(java.lang.String, java.lang.String)[pri:0, instance:com.qa.hubspot.tests.LoginPageTest@71652c98]" name="setUp" is-config="true" duration-ms="19648" started-at="2020-07-31T03:39:59Z" finished-at="2020-07-31T03:40:19Z">
          <params>
            <param index="0">
              <value>
                <![CDATA[firefox]]>
              </value>
            </param>
            <param index="1">
              <value>
                <![CDATA[stage]]>
              </value>
            </param>
          </params>
          <reporter-output>
          </reporter-output>
        </test-method> <!-- setUp -->
        <test-method status="PASS" signature="verifySignUpLinkTest()[pri:1, instance:com.qa.hubspot.tests.LoginPageTest@71652c98]" name="verifySignUpLinkTest" duration-ms="5448" started-at="2020-07-31T03:40:19Z" finished-at="2020-07-31T03:40:24Z">
          <reporter-output>
          </reporter-output>
        </test-method> <!-- verifySignUpLinkTest -->
        <test-method status="PASS" signature="verifyLoginPageTitleTest()[pri:2, instance:com.qa.hubspot.tests.LoginPageTest@71652c98]" name="verifyLoginPageTitleTest" duration-ms="228" started-at="2020-07-31T03:40:25Z" finished-at="2020-07-31T03:40:26Z">
          <reporter-output>
          </reporter-output>
        </test-method> <!-- verifyLoginPageTitleTest -->
        <test-method status="PASS" signature="loginTest()[pri:3, instance:com.qa.hubspot.tests.LoginPageTest@71652c98]" name="loginTest" duration-ms="2043" started-at="2020-07-31T03:40:26Z" finished-at="2020-07-31T03:40:28Z">
          <reporter-output>
          </reporter-output>
        </test-method> <!-- loginTest -->
        <test-method status="PASS" signature="tearDown()[pri:0, instance:com.qa.hubspot.tests.LoginPageTest@71652c98]" name="tearDown" is-config="true" duration-ms="9949" started-at="2020-07-31T03:40:28Z" finished-at="2020-07-31T03:40:38Z">
          <reporter-output>
          </reporter-output>
        </test-method> <!-- tearDown -->
      </class> <!-- com.qa.hubspot.tests.LoginPageTest -->
    </test> <!-- HubSpot Feature Testing -->
  </suite> <!-- Hub spot Test automtion regression suite -->
</testng-results>
